# JRE version: Java(TM) SE Runtime Environment (8.0_144-b01) (build 1.8.0_144-b01)
# Java VM: Java HotSpot(TM) 64-Bit Server VM (25.144-b01 mixed mode windows-amd64 compressed oops)
Heap:
 PSYoungGen      total 14336K, used 13262K [0x00000000d5f00000, 0x00000000d7880000, 0x0000000100000000)
  eden space 10240K, 89% used [0x00000000d5f00000,0x00000000d67f4260,0x00000000d6900000)
  from space 4096K, 99% used [0x00000000d6900000,0x00000000d6cff918,0x00000000d6d00000)
  to   space 5120K, 0% used [0x00000000d7380000,0x00000000d7380000,0x00000000d7880000)
 ParOldGen       total 9728K, used 5032K [0x0000000081c00000, 0x0000000082580000, 0x00000000d5f00000)
  object space 9728K, 51% used [0x0000000081c00000,0x00000000820ea048,0x0000000082580000)
 Metaspace       used 8987K, capacity 9588K, committed 9856K, reserved 1058816K
  class space    used 1018K, capacity 1072K, committed 1152K, reserved 1048576K
GC Heap History (10 events):
Event: 0.909 GC heap before
{Heap before GC invocations=4 (full 0):
 PSYoungGen      total 3584K, used 3568K [0x00000000d5f00000, 0x00000000d6600000, 0x0000000100000000)
  eden space 3072K, 100% used [0x00000000d5f00000,0x00000000d6200000,0x00000000d6200000)
  from space 512K, 96% used [0x00000000d6200000,0x00000000d627c030,0x00000000d6280000)
  to   space 512K, 0% used [0x00000000d6580000,0x00000000d6580000,0x00000000d6600000)
 ParOldGen       total 5632K, used 583K [0x0000000081c00000, 0x0000000082180000, 0x00000000d5f00000)
  object space 5632K, 10% used [0x0000000081c00000,0x0000000081c91f58,0x0000000082180000)
 Metaspace       used 6248K, capacity 7284K, committed 7552K, reserved 1056768K
  class space    used 785K, capacity 816K, committed 896K, reserved 1048576K
Event: 0.911 GC heap after
Heap after GC invocations=4 (full 0):
 PSYoungGen      total 6656K, used 496K [0x00000000d5f00000, 0x00000000d6600000, 0x0000000100000000)
  eden space 6144K, 0% used [0x00000000d5f00000,0x00000000d5f00000,0x00000000d6500000)
  from space 512K, 96% used [0x00000000d6580000,0x00000000d65fc020,0x00000000d6600000)
  to   space 512K, 0% used [0x00000000d6500000,0x00000000d6500000,0x00000000d6580000)
 ParOldGen       total 5632K, used 949K [0x0000000081c00000, 0x0000000082180000, 0x00000000d5f00000)
  object space 5632K, 16% used [0x0000000081c00000,0x0000000081ced468,0x0000000082180000)
 Metaspace       used 6248K, capacity 7284K, committed 7552K, reserved 1056768K
  class space    used 785K, capacity 816K, committed 896K, reserved 1048576K
}
Event: 1.176 GC heap before
{Heap before GC invocations=5 (full 0):
 PSYoungGen      total 6656K, used 6640K [0x00000000d5f00000, 0x00000000d6600000, 0x0000000100000000)
  eden space 6144K, 100% used [0x00000000d5f00000,0x00000000d6500000,0x00000000d6500000)
  from space 512K, 96% used [0x00000000d6580000,0x00000000d65fc020,0x00000000d6600000)
  to   space 512K, 0% used [0x00000000d6500000,0x00000000d6500000,0x00000000d6580000)
 ParOldGen       total 5632K, used 949K [0x0000000081c00000, 0x0000000082180000, 0x00000000d5f00000)
  object space 5632K, 16% used [0x0000000081c00000,0x0000000081ced468,0x0000000082180000)
 Metaspace       used 7477K, capacity 8244K, committed 8448K, reserved 1056768K
  class space    used 905K, capacity 944K, committed 1024K, reserved 1048576K
Event: 1.185 GC heap after
Heap after GC invocations=5 (full 0):
 PSYoungGen      total 6656K, used 496K [0x00000000d5f00000, 0x00000000d7100000, 0x0000000100000000)
  eden space 6144K, 0% used [0x00000000d5f00000,0x00000000d5f00000,0x00000000d6500000)
  from space 512K, 96% used [0x00000000d6500000,0x00000000d657c020,0x00000000d6580000)
  to   space 3072K, 0% used [0x00000000d6e00000,0x00000000d6e00000,0x00000000d7100000)
 ParOldGen       total 5632K, used 4092K [0x0000000081c00000, 0x0000000082180000, 0x00000000d5f00000)
  object space 5632K, 72% used [0x0000000081c00000,0x0000000081fff190,0x0000000082180000)
 Metaspace       used 7477K, capacity 8244K, committed 8448K, reserved 1056768K
  class space    used 905K, capacity 944K, committed 1024K, reserved 1048576K
}
Event: 1.185 GC heap before
{Heap before GC invocations=6 (full 1):
 PSYoungGen      total 6656K, used 496K [0x00000000d5f00000, 0x00000000d7100000, 0x0000000100000000)
  eden space 6144K, 0% used [0x00000000d5f00000,0x00000000d5f00000,0x00000000d6500000)
  from space 512K, 96% used [0x00000000d6500000,0x00000000d657c020,0x00000000d6580000)
  to   space 3072K, 0% used [0x00000000d6e00000,0x00000000d6e00000,0x00000000d7100000)
 ParOldGen       total 5632K, used 4092K [0x0000000081c00000, 0x0000000082180000, 0x00000000d5f00000)
  object space 5632K, 72% used [0x0000000081c00000,0x0000000081fff190,0x0000000082180000)
 Metaspace       used 7477K, capacity 8244K, committed 8448K, reserved 1056768K
  class space    used 905K, capacity 944K, committed 1024K, reserved 1048576K
Event: 1.220 GC heap after
Heap after GC invocations=6 (full 1):
 PSYoungGen      total 6656K, used 0K [0x00000000d5f00000, 0x00000000d7100000, 0x0000000100000000)
  eden space 6144K, 0% used [0x00000000d5f00000,0x00000000d5f00000,0x00000000d6500000)
  from space 512K, 0% used [0x00000000d6500000,0x00000000d6500000,0x00000000d6580000)
  to   space 3072K, 0% used [0x00000000d6e00000,0x00000000d6e00000,0x00000000d7100000)
 ParOldGen       total 9728K, used 4456K [0x0000000081c00000, 0x0000000082580000, 0x00000000d5f00000)
  object space 9728K, 45% used [0x0000000081c00000,0x000000008205a200,0x0000000082580000)
 Metaspace       used 7477K, capacity 8244K, committed 8448K, reserved 1056768K
  class space    used 905K, capacity 944K, committed 1024K, reserved 1048576K
}
Event: 1.359 GC heap before
{Heap before GC invocations=7 (full 1):
 PSYoungGen      total 6656K, used 6144K [0x00000000d5f00000, 0x00000000d7100000, 0x0000000100000000)
  eden space 6144K, 100% used [0x00000000d5f00000,0x00000000d6500000,0x00000000d6500000)
  from space 512K, 0% used [0x00000000d6500000,0x00000000d6500000,0x00000000d6580000)
  to   space 3072K, 0% used [0x00000000d6e00000,0x00000000d6e00000,0x00000000d7100000)
 ParOldGen       total 9728K, used 4456K [0x0000000081c00000, 0x0000000082580000, 0x00000000d5f00000)
  object space 9728K, 45% used [0x0000000081c00000,0x000000008205a200,0x0000000082580000)
 Metaspace       used 7562K, capacity 8308K, committed 8448K, reserved 1056768K
  class space    used 909K, capacity 944K, committed 1024K, reserved 1048576K
Event: 1.375 GC heap after
Heap after GC invocations=7 (full 1):
 PSYoungGen      total 12800K, used 3051K [0x00000000d5f00000, 0x00000000d7100000, 0x0000000100000000)
  eden space 9728K, 0% used [0x00000000d5f00000,0x00000000d5f00000,0x00000000d6880000)
  from space 3072K, 99% used [0x00000000d6e00000,0x00000000d70fae00,0x00000000d7100000)
  to   space 4096K, 0% used [0x00000000d6900000,0x00000000d6900000,0x00000000d6d00000)
 ParOldGen       total 9728K, used 5016K [0x0000000081c00000, 0x0000000082580000, 0x00000000d5f00000)
  object space 9728K, 51% used [0x0000000081c00000,0x00000000820e6048,0x0000000082580000)
 Metaspace       used 7562K, capacity 8308K, committed 8448K, reserved 1056768K
  class space    used 909K, capacity 944K, committed 1024K, reserved 1048576K
}
Event: 1.689 GC heap before
{Heap before GC invocations=8 (full 1):
 PSYoungGen      total 12800K, used 12779K [0x00000000d5f00000, 0x00000000d7100000, 0x0000000100000000)
  eden space 9728K, 100% used [0x00000000d5f00000,0x00000000d6880000,0x00000000d6880000)
  from space 3072K, 99% used [0x00000000d6e00000,0x00000000d70fae00,0x00000000d7100000)
  to   space 4096K, 0% used [0x00000000d6900000,0x00000000d6900000,0x00000000d6d00000)
 ParOldGen       total 9728K, used 5016K [0x0000000081c00000, 0x0000000082580000, 0x00000000d5f00000)
  object space 9728K, 51% used [0x0000000081c00000,0x00000000820e6048,0x0000000082580000)
 Metaspace       used 7726K, capacity 8436K, committed 8704K, reserved 1056768K
  class space    used 918K, capacity 944K, committed 1024K, reserved 1048576K
Event: 1.715 GC heap after
Heap after GC invocations=8 (full 1):
 PSYoungGen      total 14336K, used 4094K [0x00000000d5f00000, 0x00000000d7880000, 0x0000000100000000)
  eden space 10240K, 0% used [0x00000000d5f00000,0x00000000d5f00000,0x00000000d6900000)
  from space 4096K, 99% used [0x00000000d6900000,0x00000000d6cff918,0x00000000d6d00000)
  to   space 5120K, 0% used [0x00000000d7380000,0x00000000d7380000,0x00000000d7880000)
 ParOldGen       total 9728K, used 5032K [0x0000000081c00000, 0x0000000082580000, 0x00000000d5f00000)
  object space 9728K, 51% used [0x0000000081c00000,0x00000000820ea048,0x0000000082580000)
 Metaspace       used 7726K, capacity 8436K, committed 8704K, reserved 1056768K
  class space    used 918K, capacity 944K, committed 1024K, reserved 1048576K
}

